<?xml version="1.0" encoding="UTF-8"?>
<testng-results ignored="0" total="1" passed="1" failed="0" skipped="0">
  <reporter-output>
  </reporter-output>
  <suite started-at="2023-07-14T00:12:19 IST" name="Default suite" finished-at="2023-07-14T00:13:01 IST" duration-ms="41972">
    <groups>
    </groups>
    <test started-at="2023-07-14T00:12:19 IST" name="Default test" finished-at="2023-07-14T00:13:01 IST" duration-ms="41972">
      <class name="project_E_learning.byjus_councillar">
        <test-method is-config="true" signature="Setup()[pri:0, instance:project_E_learning.byjus_councillar@196a42c3]" started-at="2023-07-14T00:12:20 IST" name="Setup" finished-at="2023-07-14T00:12:23 IST" duration-ms="3698" status="PASS">
          <reporter-output>
          </reporter-output>
        </test-method> <!-- Setup -->
        <test-method signature="Byjus2()[pri:0, instance:project_E_learning.byjus_councillar@196a42c3]" started-at="2023-07-14T00:12:23 IST" name="Byjus2" finished-at="2023-07-14T00:13:00 IST" duration-ms="37073" status="PASS">
          <reporter-output>
          </reporter-output>
        </test-method> <!-- Byjus2 -->
        <test-method is-config="true" signature="Teardown()[pri:0, instance:project_E_learning.byjus_councillar@196a42c3]" started-at="2023-07-14T00:13:00 IST" name="Teardown" finished-at="2023-07-14T00:13:01 IST" duration-ms="1150" status="PASS">
          <reporter-output>
          </reporter-output>
        </test-method> <!-- Teardown -->
      </class> <!-- project_E_learning.byjus_councillar -->
    </test> <!-- Default test -->
  </suite> <!-- Default suite -->
</testng-results>
